<?xml version="1.0" encoding="UTF-8"?>
<testng-results skipped="0" failed="0" ignored="0" total="1" passed="1">
  <reporter-output>
  </reporter-output>
  <suite name="Default suite" duration-ms="33679" started-at="2018-06-26T13:43:09Z" finished-at="2018-06-26T13:43:43Z">
    <groups>
      <group name="smoke">
        <method signature="ScriptDevelopment.validateLoginTest()[pri:0, instance:com.qst.ohrm.test.ScriptDevelopment@523884b2]" name="validateLoginTest" class="com.qst.ohrm.test.ScriptDevelopment"/>
      </group> <!-- smoke -->
    </groups>
    <test name="Default test" duration-ms="33679" started-at="2018-06-26T13:43:09Z" finished-at="2018-06-26T13:43:43Z">
      <class name="com.qst.ohrm.test.ScriptDevelopment">
        <test-method status="PASS" signature="preConfig()[pri:0, instance:com.qst.ohrm.test.ScriptDevelopment@523884b2]" name="preConfig" is-config="true" duration-ms="5641" started-at="2018-06-26T13:43:09Z" finished-at="2018-06-26T13:43:15Z">
          <reporter-output>
          </reporter-output>
        </test-method> <!-- preConfig -->
        <test-method status="PASS" signature="validateLoginTest()[pri:0, instance:com.qst.ohrm.test.ScriptDevelopment@523884b2]" name="validateLoginTest" duration-ms="5543" started-at="2018-06-26T13:43:15Z" finished-at="2018-06-26T13:43:20Z">
          <reporter-output>
          </reporter-output>
        </test-method> <!-- validateLoginTest -->
        <test-method status="PASS" signature="tearDown(org.testng.ITestResult)[pri:0, instance:com.qst.ohrm.test.ScriptDevelopment@523884b2]" name="tearDown" is-config="true" duration-ms="618" started-at="2018-06-26T13:43:20Z" finished-at="2018-06-26T13:43:21Z">
          <params>
            <param index="0">
              <value>
                <![CDATA[[TestResult name=validateLoginTest status=SUCCESS method=ScriptDevelopment.validateLoginTest()[pri:0, instance:com.qst.ohrm.test.ScriptDevelopment@523884b2] output={null}]]]>
              </value>
            </param>
          </params>
          <reporter-output>
          </reporter-output>
        </test-method> <!-- tearDown -->
        <test-method status="PASS" signature="tearDown()[pri:0, instance:com.qst.ohrm.test.ScriptDevelopment@523884b2]" name="tearDown" is-config="true" duration-ms="21843" started-at="2018-06-26T13:43:21Z" finished-at="2018-06-26T13:43:43Z">
          <reporter-output>
          </reporter-output>
        </test-method> <!-- tearDown -->
      </class> <!-- com.qst.ohrm.test.ScriptDevelopment -->
    </test> <!-- Default test -->
  </suite> <!-- Default suite -->
</testng-results>
