<?xml version="1.0" encoding="UTF-8"?>
<testng-results skipped="0" failed="1" ignored="0" total="3" passed="2">
  <reporter-output>
  </reporter-output>
  <suite name="Default suite" duration-ms="50856" started-at="2018-06-24T03:22:46Z" finished-at="2018-06-24T03:23:37Z">
    <groups>
      <group name="regression">
        <method signature="ApplyLeaveTest.validateLeaveListTest()[pri:0, instance:com.qst.ohrm.test.ApplyLeaveTest@754ba872]" name="validateLeaveListTest" class="com.qst.ohrm.test.ApplyLeaveTest"/>
        <method signature="EmployeeTest.createEmployeeTest()[pri:0, instance:com.qst.ohrm.test.EmployeeTest@3abbfa04]" name="createEmployeeTest" class="com.qst.ohrm.test.EmployeeTest"/>
        <method signature="EmployeeTest.createEmployeeTest1()[pri:0, instance:com.qst.ohrm.test.EmployeeTest@3abbfa04]" name="createEmployeeTest1" class="com.qst.ohrm.test.EmployeeTest"/>
      </group> <!-- regression -->
      <group name="smoke">
        <method signature="ApplyLeaveTest.validateLeaveListTest()[pri:0, instance:com.qst.ohrm.test.ApplyLeaveTest@754ba872]" name="validateLeaveListTest" class="com.qst.ohrm.test.ApplyLeaveTest"/>
      </group> <!-- smoke -->
    </groups>
    <test name="PreReqTest" duration-ms="8" started-at="2018-06-24T03:22:46Z" finished-at="2018-06-24T03:22:46Z">
    </test> <!-- PreReqTest -->
    <test name="Leave Test" duration-ms="37692" started-at="2018-06-24T03:22:46Z" finished-at="2018-06-24T03:23:24Z">
      <class name="com.qst.ohrm.test.ApplyLeaveTest">
        <test-method status="PASS" signature="setup()[pri:0, instance:com.qst.ohrm.test.ApplyLeaveTest@754ba872]" name="setup" is-config="true" duration-ms="6025" started-at="2018-06-24T03:22:46Z" finished-at="2018-06-24T03:22:52Z">
          <reporter-output>
          </reporter-output>
        </test-method> <!-- setup -->
        <test-method status="PASS" signature="validateLeaveListTest()[pri:0, instance:com.qst.ohrm.test.ApplyLeaveTest@754ba872]" name="validateLeaveListTest" duration-ms="29071" started-at="2018-06-24T03:22:52Z" finished-at="2018-06-24T03:23:21Z">
          <reporter-output>
          </reporter-output>
        </test-method> <!-- validateLeaveListTest -->
        <test-method status="PASS" signature="tearDown(org.testng.ITestResult)[pri:0, instance:com.qst.ohrm.test.ApplyLeaveTest@754ba872]" name="tearDown" is-config="true" duration-ms="475" started-at="2018-06-24T03:23:21Z" finished-at="2018-06-24T03:23:22Z">
          <params>
            <param index="0">
              <value>
                <![CDATA[[TestResult name=validateLeaveListTest status=SUCCESS method=ApplyLeaveTest.validateLeaveListTest()[pri:0, instance:com.qst.ohrm.test.ApplyLeaveTest@754ba872] output={null}]]]>
              </value>
            </param>
          </params>
          <reporter-output>
          </reporter-output>
        </test-method> <!-- tearDown -->
        <test-method status="PASS" signature="closeDriver()[pri:0, instance:com.qst.ohrm.test.ApplyLeaveTest@754ba872]" name="closeDriver" is-config="true" duration-ms="2097" started-at="2018-06-24T03:23:22Z" finished-at="2018-06-24T03:23:24Z">
          <reporter-output>
          </reporter-output>
        </test-method> <!-- closeDriver -->
      </class> <!-- com.qst.ohrm.test.ApplyLeaveTest -->
    </test> <!-- Leave Test -->
    <test name="Employee Test" duration-ms="13119" started-at="2018-06-24T03:23:24Z" finished-at="2018-06-24T03:23:37Z">
      <class name="com.qst.ohrm.test.PreReqTest">
        <test-method status="PASS" signature="preConfig()[pri:0, instance:com.qst.ohrm.test.PreReqTest@4b9e13df]" name="preConfig" is-config="true" duration-ms="344" started-at="2018-06-24T03:22:46Z" finished-at="2018-06-24T03:22:46Z">
          <reporter-output>
          </reporter-output>
        </test-method> <!-- preConfig -->
        <test-method status="PASS" signature="tearDown()[pri:0, instance:com.qst.ohrm.test.PreReqTest@4b9e13df]" name="tearDown" is-config="true" duration-ms="4436" started-at="2018-06-24T03:23:37Z" finished-at="2018-06-24T03:23:41Z">
          <reporter-output>
          </reporter-output>
        </test-method> <!-- tearDown -->
      </class> <!-- com.qst.ohrm.test.PreReqTest -->
      <class name="com.qst.ohrm.test.EmployeeTest">
        <test-method status="PASS" signature="setup()[pri:0, instance:com.qst.ohrm.test.EmployeeTest@3abbfa04]" name="setup" is-config="true" duration-ms="4458" started-at="2018-06-24T03:23:24Z" finished-at="2018-06-24T03:23:28Z">
          <reporter-output>
          </reporter-output>
        </test-method> <!-- setup -->
        <test-method status="FAIL" signature="createEmployeeTest()[pri:0, instance:com.qst.ohrm.test.EmployeeTest@3abbfa04]" name="createEmployeeTest" duration-ms="5891" started-at="2018-06-24T03:23:28Z" finished-at="2018-06-24T03:23:34Z">
          <exception class="java.lang.AssertionError">
            <message>
              <![CDATA[expected [true] but found [false]]]>
            </message>
            <full-stacktrace>
              <![CDATA[java.lang.AssertionError: expected [true] but found [false]
at org.testng.Assert.fail(Assert.java:96)
at org.testng.Assert.failNotEquals(Assert.java:776)
at org.testng.Assert.assertTrue(Assert.java:44)
at org.testng.Assert.assertTrue(Assert.java:54)
at com.qst.ohrm.page.PIMAddEmployeePage.moveMouseOnLeaveTab(PIMAddEmployeePage.java:41)
at com.qst.ohrm.test.EmployeeTest.createEmployeeTest(EmployeeTest.java:56)
at sun.reflect.NativeMethodAccessorImpl.invoke0(Native Method)
at sun.reflect.NativeMethodAccessorImpl.invoke(NativeMethodAccessorImpl.java:62)
at sun.reflect.DelegatingMethodAccessorImpl.invoke(DelegatingMethodAccessorImpl.java:43)
at java.lang.reflect.Method.invoke(Method.java:498)
at org.testng.internal.MethodInvocationHelper.invokeMethod(MethodInvocationHelper.java:124)
at org.testng.internal.Invoker.invokeMethod(Invoker.java:580)
at org.testng.internal.Invoker.invokeTestMethod(Invoker.java:716)
at org.testng.internal.Invoker.invokeTestMethods(Invoker.java:988)
at org.testng.internal.TestMethodWorker.invokeTestMethods(TestMethodWorker.java:125)
at org.testng.internal.TestMethodWorker.run(TestMethodWorker.java:109)
at org.testng.TestRunner.privateRun(TestRunner.java:648)
at org.testng.TestRunner.run(TestRunner.java:505)
at org.testng.SuiteRunner.runTest(SuiteRunner.java:455)
at org.testng.SuiteRunner.runSequentially(SuiteRunner.java:450)
at org.testng.SuiteRunner.privateRun(SuiteRunner.java:415)
at org.testng.SuiteRunner.run(SuiteRunner.java:364)
at org.testng.SuiteRunnerWorker.runSuite(SuiteRunnerWorker.java:52)
at org.testng.SuiteRunnerWorker.run(SuiteRunnerWorker.java:84)
at org.testng.TestNG.runSuitesSequentially(TestNG.java:1208)
at org.testng.TestNG.runSuitesLocally(TestNG.java:1137)
at org.testng.TestNG.runSuites(TestNG.java:1049)
at org.testng.TestNG.run(TestNG.java:1017)
at org.testng.remote.AbstractRemoteTestNG.run(AbstractRemoteTestNG.java:114)
at org.testng.remote.RemoteTestNG.initAndRun(RemoteTestNG.java:251)
at org.testng.remote.RemoteTestNG.main(RemoteTestNG.java:77)
]]>
            </full-stacktrace>
          </exception> <!-- java.lang.AssertionError -->
          <reporter-output>
          </reporter-output>
        </test-method> <!-- createEmployeeTest -->
        <test-method status="PASS" signature="tearDown(org.testng.ITestResult)[pri:0, instance:com.qst.ohrm.test.EmployeeTest@3abbfa04]" name="tearDown" is-config="true" duration-ms="277" started-at="2018-06-24T03:23:34Z" finished-at="2018-06-24T03:23:34Z">
          <params>
            <param index="0">
              <value>
                <![CDATA[[TestResult name=createEmployeeTest status=FAILURE method=EmployeeTest.createEmployeeTest()[pri:0, instance:com.qst.ohrm.test.EmployeeTest@3abbfa04] output={null}]]]>
              </value>
            </param>
          </params>
          <reporter-output>
          </reporter-output>
        </test-method> <!-- tearDown -->
        <test-method status="PASS" signature="createEmployeeTest1()[pri:0, instance:com.qst.ohrm.test.EmployeeTest@3abbfa04]" name="createEmployeeTest1" duration-ms="2" started-at="2018-06-24T03:23:34Z" finished-at="2018-06-24T03:23:34Z">
          <reporter-output>
          </reporter-output>
        </test-method> <!-- createEmployeeTest1 -->
        <test-method status="PASS" signature="tearDown(org.testng.ITestResult)[pri:0, instance:com.qst.ohrm.test.EmployeeTest@3abbfa04]" name="tearDown" is-config="true" duration-ms="101" started-at="2018-06-24T03:23:34Z" finished-at="2018-06-24T03:23:34Z">
          <params>
            <param index="0">
              <value>
                <![CDATA[[TestResult name=createEmployeeTest1 status=SUCCESS method=EmployeeTest.createEmployeeTest1()[pri:0, instance:com.qst.ohrm.test.EmployeeTest@3abbfa04] output={null}]]]>
              </value>
            </param>
          </params>
          <reporter-output>
          </reporter-output>
        </test-method> <!-- tearDown -->
        <test-method status="PASS" signature="closeDriver()[pri:0, instance:com.qst.ohrm.test.EmployeeTest@3abbfa04]" name="closeDriver" is-config="true" duration-ms="2378" started-at="2018-06-24T03:23:34Z" finished-at="2018-06-24T03:23:37Z">
          <reporter-output>
          </reporter-output>
        </test-method> <!-- closeDriver -->
      </class> <!-- com.qst.ohrm.test.EmployeeTest -->
    </test> <!-- Employee Test -->
  </suite> <!-- Default suite -->
</testng-results>
